d:\cppstudy\lianlianfengchen-copy\hry_chat\ui_adduseritem.h
d:\cppstudy\lianlianfengchen-copy\hry_chat\ui_applyfriend.h
d:\cppstudy\lianlianfengchen-copy\hry_chat\ui_applyfrienditem.h
d:\cppstudy\lianlianfengchen-copy\hry_chat\ui_applyfriendpage.h
d:\cppstudy\lianlianfengchen-copy\hry_chat\ui_chatdialog.h
d:\cppstudy\lianlianfengchen-copy\hry_chat\ui_chatpage.h
d:\cppstudy\lianlianfengchen-copy\hry_chat\ui_chatuserwid.h
d:\cppstudy\lianlianfengchen-copy\hry_chat\ui_conuseritem.h
d:\cppstudy\lianlianfengchen-copy\hry_chat\ui_findsuccessdlg.h
d:\cppstudy\lianlianfengchen-copy\hry_chat\ui_friendlabel.h
d:\cppstudy\lianlianfengchen-copy\hry_chat\ui_grouptipitem.h
d:\cppstudy\lianlianfengchen-copy\hry_chat\ui_loadingdlg.h
d:\cppstudy\lianlianfengchen-copy\hry_chat\ui_logindialog.h
d:\cppstudy\lianlianfengchen-copy\hry_chat\ui_mainwindow.h
d:\cppstudy\lianlianfengchen-copy\hry_chat\ui_registerdialog.h
d:\cppstudy\lianlianfengchen-copy\hry_chat\ui_resetdialog.h
d:\cppstudy\lianlianfengchen-copy\hry_chat\debug\qrc_rc.cpp
d:\cppstudy\lianlianfengchen-copy\hry_chat\debug\moc_adduseritem.cpp
d:\cppstudy\lianlianfengchen-copy\hry_chat\debug\moc_applyfriend.cpp
d:\cppstudy\lianlianfengchen-copy\hry_chat\debug\moc_applyfrienditem.cpp
d:\cppstudy\lianlianfengchen-copy\hry_chat\debug\moc_applyfriendlist.cpp
d:\cppstudy\lianlianfengchen-copy\hry_chat\debug\moc_applyfriendpage.cpp
d:\cppstudy\lianlianfengchen-copy\hry_chat\debug\moc_bubbleframe.cpp
d:\cppstudy\lianlianfengchen-copy\hry_chat\debug\moc_chatdialog.cpp
d:\cppstudy\lianlianfengchen-copy\hry_chat\debug\moc_chatitembase.cpp
d:\cppstudy\lianlianfengchen-copy\hry_chat\debug\moc_chatpage.cpp
d:\cppstudy\lianlianfengchen-copy\hry_chat\debug\moc_chatuserlist.cpp
d:\cppstudy\lianlianfengchen-copy\hry_chat\debug\moc_chatuserwid.cpp
d:\cppstudy\lianlianfengchen-copy\hry_chat\debug\moc_chatview.cpp
d:\cppstudy\lianlianfengchen-copy\hry_chat\debug\moc_clickedbtn.cpp
d:\cppstudy\lianlianfengchen-copy\hry_chat\debug\moc_clickedlabel.cpp
d:\cppstudy\lianlianfengchen-copy\hry_chat\debug\moc_clickedoncelabel.cpp
d:\cppstudy\lianlianfengchen-copy\hry_chat\debug\moc_contactuserlist.cpp
d:\cppstudy\lianlianfengchen-copy\hry_chat\debug\moc_conuseritem.cpp
d:\cppstudy\lianlianfengchen-copy\hry_chat\debug\moc_customizeedit.cpp
d:\cppstudy\lianlianfengchen-copy\hry_chat\debug\moc_findsuccessdlg.cpp
d:\cppstudy\lianlianfengchen-copy\hry_chat\debug\moc_friendlabel.cpp
d:\cppstudy\lianlianfengchen-copy\hry_chat\debug\moc_grouptipitem.cpp
d:\cppstudy\lianlianfengchen-copy\hry_chat\debug\moc_httpmgr.cpp
d:\cppstudy\lianlianfengchen-copy\hry_chat\debug\moc_listitembase.cpp
d:\cppstudy\lianlianfengchen-copy\hry_chat\debug\moc_loadingdlg.cpp
d:\cppstudy\lianlianfengchen-copy\hry_chat\debug\moc_logindialog.cpp
d:\cppstudy\lianlianfengchen-copy\hry_chat\debug\moc_mainwindow.cpp
d:\cppstudy\lianlianfengchen-copy\hry_chat\debug\moc_messagetextedit.cpp
d:\cppstudy\lianlianfengchen-copy\hry_chat\debug\moc_picturebubble.cpp
d:\cppstudy\lianlianfengchen-copy\hry_chat\debug\moc_registerdialog.cpp
d:\cppstudy\lianlianfengchen-copy\hry_chat\debug\moc_resetdialog.cpp
d:\cppstudy\lianlianfengchen-copy\hry_chat\debug\moc_searchlist.cpp
d:\cppstudy\lianlianfengchen-copy\hry_chat\debug\moc_statewidget.cpp
d:\cppstudy\lianlianfengchen-copy\hry_chat\debug\moc_tcpmgr.cpp
d:\cppstudy\lianlianfengchen-copy\hry_chat\debug\moc_textbubble.cpp
d:\cppstudy\lianlianfengchen-copy\hry_chat\debug\moc_usermgr.cpp
d:\cppstudy\lianlianfengchen-copy\hry_chat\debug\hry_chat.tlog\hry_chat.write.1u.tlog
d:\cppstudy\lianlianfengchen-copy\hry_chat\debug\hry_chat.tlog\moc.read.1u.tlog
d:\cppstudy\lianlianfengchen-copy\hry_chat\debug\hry_chat.tlog\moc.write.1u.tlog
d:\cppstudy\lianlianfengchen-copy\hry_chat\debug\hry_chat.tlog\rcc.read.1u.tlog
d:\cppstudy\lianlianfengchen-copy\hry_chat\debug\hry_chat.tlog\rcc.write.1u.tlog
d:\cppstudy\lianlianfengchen-copy\hry_chat\debug\hry_chat.tlog\uic.read.1u.tlog
d:\cppstudy\lianlianfengchen-copy\hry_chat\debug\hry_chat.tlog\uic.write.1u.tlog
